Reading netlist file: "D:\hoctap\hoctap\4nam2\hethongso\Mach_tao_song_0_99hz\impl\gwsynthesis\Mach_tao_song_0_99hz.vg"
Parsing netlist file "D:\hoctap\hoctap\4nam2\hethongso\Mach_tao_song_0_99hz\impl\gwsynthesis\Mach_tao_song_0_99hz.vg" completed
Processing netlist completed
Reading constraint file: "D:\hoctap\hoctap\4nam2\hethongso\Mach_tao_song_0_99hz\src\Mach_tao_song_0_99hz.cst"
Physical Constraint parsed completed
Running placement......
[10%] Placement Phase 0 completed
[20%] Placement Phase 1 completed
[30%] Placement Phase 2 completed
WARN  (TA1132) :  'main_clk' was determined to be a clock but was not created.
[50%] Placement Phase 3 completed
Running routing......
[60%] Routing Phase 0 completed
[70%] Routing Phase 1 completed
[80%] Routing Phase 2 completed
WARN  (PR1014) : Generic routing resource will be used to clock signal 'main_clk_d' by the specified constraint. And then it may lead to the excessive delay or skew
[90%] Routing Phase 3 completed
Running timing analysis......
[95%] Timing analysis completed
Placement and routing completed
Bitstream generation in progress......
Bitstream generation completed
Running power analysis......
[100%] Power analysis completed
Generate file "D:\hoctap\hoctap\4nam2\hethongso\Mach_tao_song_0_99hz\impl\pnr\Mach_tao_song_0_99hz.power.html" completed
Generate file "D:\hoctap\hoctap\4nam2\hethongso\Mach_tao_song_0_99hz\impl\pnr\Mach_tao_song_0_99hz.pin.html" completed
Generate file "D:\hoctap\hoctap\4nam2\hethongso\Mach_tao_song_0_99hz\impl\pnr\Mach_tao_song_0_99hz.rpt.html" completed
Generate file "D:\hoctap\hoctap\4nam2\hethongso\Mach_tao_song_0_99hz\impl\pnr\Mach_tao_song_0_99hz.rpt.txt" completed
Generate file "D:\hoctap\hoctap\4nam2\hethongso\Mach_tao_song_0_99hz\impl\pnr\Mach_tao_song_0_99hz.tr.html" completed
Wed Mar 26 14:24:39 2025

