GowinSynthesis start
Running parser ...
Analyzing Verilog file 'D:\hoctap\hoctap\4nam2\hethongso\Mach_tao_song_0_99hz\src\chia_xung.v'
Analyzing Verilog file 'D:\hoctap\hoctap\4nam2\hethongso\Mach_tao_song_0_99hz\src\dieu_khien_nut.v'
Analyzing Verilog file 'D:\hoctap\hoctap\4nam2\hethongso\Mach_tao_song_0_99hz\src\led_7_doan.v'
Analyzing Verilog file 'D:\hoctap\hoctap\4nam2\hethongso\Mach_tao_song_0_99hz\src\top_module.v'
Compiling module 'top_module'("D:\hoctap\hoctap\4nam2\hethongso\Mach_tao_song_0_99hz\src\top_module.v":1)
Compiling module 'dieu_khien_nut'("D:\hoctap\hoctap\4nam2\hethongso\Mach_tao_song_0_99hz\src\dieu_khien_nut.v":1)
WARN  (EX3791) : Expression size 21 truncated to fit in target size 20("D:\hoctap\hoctap\4nam2\hethongso\Mach_tao_song_0_99hz\src\dieu_khien_nut.v":16)
WARN  (EX3791) : Expression size 21 truncated to fit in target size 20("D:\hoctap\hoctap\4nam2\hethongso\Mach_tao_song_0_99hz\src\dieu_khien_nut.v":25)
Compiling module 'chia_xung'("D:\hoctap\hoctap\4nam2\hethongso\Mach_tao_song_0_99hz\src\chia_xung.v":1)
Compiling module 'led_7_doan'("D:\hoctap\hoctap\4nam2\hethongso\Mach_tao_song_0_99hz\src\led_7_doan.v":1)
WARN  (EX3791) : Expression size 7 truncated to fit in target size 4("D:\hoctap\hoctap\4nam2\hethongso\Mach_tao_song_0_99hz\src\led_7_doan.v":13)
NOTE  (EX0101) : Current top module is "top_module"
[5%] Running netlist conversion ...
Running device independent optimization ...
[10%] Optimizing Phase 0 completed
[15%] Optimizing Phase 1 completed
[25%] Optimizing Phase 2 completed
Running inference ...
[30%] Inferring Phase 0 completed
[40%] Inferring Phase 1 completed
[50%] Inferring Phase 2 completed
[55%] Inferring Phase 3 completed
Running technical mapping ...
[60%] Tech-Mapping Phase 0 completed
[65%] Tech-Mapping Phase 1 completed
[75%] Tech-Mapping Phase 2 completed
[80%] Tech-Mapping Phase 3 completed
[90%] Tech-Mapping Phase 4 completed
[95%] Generate netlist file "D:\hoctap\hoctap\4nam2\hethongso\Mach_tao_song_0_99hz\impl\gwsynthesis\Mach_tao_song_0_99hz.vg" completed
[100%] Generate report file "D:\hoctap\hoctap\4nam2\hethongso\Mach_tao_song_0_99hz\impl\gwsynthesis\Mach_tao_song_0_99hz_syn.rpt.html" completed
GowinSynthesis finish
